Comments for self-test -------- Sat Mar 28, 2015 at 12:57:44 EDT
No illegal files found
Testing ppc3:
  Attempting to build ppc3 ... make -B ppc3 FAILED
ppc3 FAILED TO BUILD
######################################################
Summary for self-test:
  ppc3:  PROBLEM(S) FOUND
######################################################
 80% level: 
 90% level: 
100% level: 
